2025-05-17 13:46:21,101 - ERROR - 429 Client Error: Too Many Requests for url: https://query2.finance.yahoo.com/v10/finance/quoteSummary/SBIN.NS?modules=financialData%2CquoteType%2CdefaultKeyStatistics%2CassetProfile%2CsummaryDetail&corsDomain=finance.yahoo.com&formatted=false&symbol=SBIN.NS&crumb=Edge%3A+Too+Many+Requests
2025-05-17 13:46:22,177 - ERROR - 429 Client Error: Too Many Requests for url: https://query2.finance.yahoo.com/v10/finance/quoteSummary/RELIANCE.NS?modules=financialData%2CquoteType%2CdefaultKeyStatistics%2CassetProfile%2CsummaryDetail&corsDomain=finance.yahoo.com&formatted=false&symbol=RELIANCE.NS&crumb=Edge%3A+Too+Many+Requests
2025-05-17 13:47:32,698 - INFO - Processing SBIN.NS
2025-05-17 13:47:32,700 - INFO - Fetching data for SBIN.NS, attempt 1
2025-05-17 13:47:34,226 - ERROR - 429 Client Error: Too Many Requests for url: https://query2.finance.yahoo.com/v10/finance/quoteSummary/SBIN.NS?modules=financialData%2CquoteType%2CdefaultKeyStatistics%2CassetProfile%2CsummaryDetail&corsDomain=finance.yahoo.com&formatted=false&symbol=SBIN.NS&crumb=Edge%3A+Too+Many+Requests
2025-05-17 13:47:35,352 - ERROR - Error in attempt 1: Expecting value: line 1 column 1 (char 0)
2025-05-17 13:47:35,363 - INFO - Processing RELIANCE.NS
2025-05-17 13:47:40,369 - INFO - Fetching data for RELIANCE.NS, attempt 1
2025-05-17 13:47:41,864 - ERROR - 429 Client Error: Too Many Requests for url: https://query2.finance.yahoo.com/v10/finance/quoteSummary/RELIANCE.NS?modules=financialData%2CquoteType%2CdefaultKeyStatistics%2CassetProfile%2CsummaryDetail&corsDomain=finance.yahoo.com&formatted=false&symbol=RELIANCE.NS&crumb=Edge%3A+Too+Many+Requests
2025-05-17 13:47:43,167 - ERROR - Error in attempt 1: Expecting value: line 1 column 1 (char 0)
2025-05-17 13:49:30,124 - INFO - Processing SBIN.NS
2025-05-17 13:49:30,126 - INFO - Fetching data for SBIN.NS, attempt 1
2025-05-17 13:49:30,127 - ERROR - Error in attempt 1: Ticker.__init__() got an unexpected keyword argument 'session_kwargs'
2025-05-17 13:49:40,131 - INFO - Fetching data for SBIN.NS, attempt 2
2025-05-17 13:49:40,133 - ERROR - Error in attempt 2: Ticker.__init__() got an unexpected keyword argument 'session_kwargs'
2025-05-17 13:50:00,136 - INFO - Fetching data for SBIN.NS, attempt 3
2025-05-17 13:50:00,137 - ERROR - Error in attempt 3: Ticker.__init__() got an unexpected keyword argument 'session_kwargs'
2025-05-17 13:50:25,396 - ERROR - 429 Client Error: Too Many Requests for url: https://query2.finance.yahoo.com/v10/finance/quoteSummary/SBIN.NS?modules=financialData%2CquoteType%2CdefaultKeyStatistics%2CassetProfile%2CsummaryDetail&corsDomain=finance.yahoo.com&formatted=false&symbol=SBIN.NS&crumb=Edge%3A+Too+Many+Requests
2025-05-17 13:50:26,423 - ERROR - 429 Client Error: Too Many Requests for url: https://query2.finance.yahoo.com/v10/finance/quoteSummary/RELIANCE.NS?modules=financialData%2CquoteType%2CdefaultKeyStatistics%2CassetProfile%2CsummaryDetail&corsDomain=finance.yahoo.com&formatted=false&symbol=RELIANCE.NS&crumb=Edge%3A+Too+Many+Requests
2025-05-17 13:51:07,536 - ERROR - 429 Client Error: Too Many Requests for url: https://query2.finance.yahoo.com/v10/finance/quoteSummary/SBIN.NS?modules=financialData%2CquoteType%2CdefaultKeyStatistics%2CassetProfile%2CsummaryDetail&corsDomain=finance.yahoo.com&formatted=false&symbol=SBIN.NS&crumb=Edge%3A+Too+Many+Requests
2025-05-17 13:51:10,341 - ERROR - 429 Client Error: Too Many Requests for url: https://query2.finance.yahoo.com/v10/finance/quoteSummary/RELIANCE.NS?modules=financialData%2CquoteType%2CdefaultKeyStatistics%2CassetProfile%2CsummaryDetail&corsDomain=finance.yahoo.com&formatted=false&symbol=RELIANCE.NS&crumb=Edge%3A+Too+Many+Requests
2025-05-17 13:55:38,696 - INFO - Overview response for SBIN.NS: {}
2025-05-17 13:55:38,698 - ERROR - Fundamental fetch failed for SBIN.NS: No overview data for SBIN.NS: Unknown error
2025-05-17 13:55:38,992 - INFO - Overview response for RELIANCE.NS: {}
2025-05-17 13:55:38,993 - ERROR - Fundamental fetch failed for RELIANCE.NS: No overview data for RELIANCE.NS: Unknown error
2025-05-17 14:23:26,674 - INFO - Profile response for SBIN.NS: {'Error Message': 'Invalid API KEY. Feel free to create a Free API Key or visit https://site.financialmodelingprep.com/faqs?search=why-is-my-api-key-invalid for more information.'}
2025-05-17 14:23:28,623 - INFO - Income statement response for SBIN.NS: {'Error Message': 'Invalid API KEY. Feel free to create a Free API Key or visit https://site.financialmodelingprep.com/faqs?search=why-is-my-api-key-invalid for more information.'}
2025-05-17 14:23:30,478 - INFO - Balance sheet response for SBIN.NS: {'Error Message': 'Invalid API KEY. Feel free to create a Free API Key or visit https://site.financialmodelingprep.com/faqs?search=why-is-my-api-key-invalid for more information.'}
2025-05-17 14:23:30,478 - ERROR - Fundamental fetch failed for SBIN.NS: 0
2025-05-17 14:23:32,407 - INFO - Profile response for SBIN.NS: {'Error Message': 'Invalid API KEY. Feel free to create a Free API Key or visit https://site.financialmodelingprep.com/faqs?search=why-is-my-api-key-invalid for more information.'}
2025-05-17 14:23:34,566 - INFO - Income statement response for SBIN.NS: {'Error Message': 'Invalid API KEY. Feel free to create a Free API Key or visit https://site.financialmodelingprep.com/faqs?search=why-is-my-api-key-invalid for more information.'}
2025-05-17 14:23:36,510 - INFO - Balance sheet response for SBIN.NS: {'Error Message': 'Invalid API KEY. Feel free to create a Free API Key or visit https://site.financialmodelingprep.com/faqs?search=why-is-my-api-key-invalid for more information.'}
2025-05-17 14:23:36,511 - ERROR - Fundamental fetch failed for SBIN.NS: 0
2025-05-17 14:23:39,382 - INFO - Profile response for SBIN.NS: {'Error Message': 'Invalid API KEY. Feel free to create a Free API Key or visit https://site.financialmodelingprep.com/faqs?search=why-is-my-api-key-invalid for more information.'}
2025-05-17 14:23:41,300 - INFO - Income statement response for SBIN.NS: {'Error Message': 'Invalid API KEY. Feel free to create a Free API Key or visit https://site.financialmodelingprep.com/faqs?search=why-is-my-api-key-invalid for more information.'}
2025-05-17 14:23:43,192 - INFO - Balance sheet response for SBIN.NS: {'Error Message': 'Invalid API KEY. Feel free to create a Free API Key or visit https://site.financialmodelingprep.com/faqs?search=why-is-my-api-key-invalid for more information.'}
2025-05-17 14:23:43,192 - ERROR - Fundamental fetch failed for SBIN.NS: 0
2025-05-17 14:23:48,182 - INFO - Profile response for RELIANCE.NS: {'Error Message': 'Invalid API KEY. Feel free to create a Free API Key or visit https://site.financialmodelingprep.com/faqs?search=why-is-my-api-key-invalid for more information.'}
2025-05-17 14:23:50,130 - INFO - Income statement response for RELIANCE.NS: {'Error Message': 'Invalid API KEY. Feel free to create a Free API Key or visit https://site.financialmodelingprep.com/faqs?search=why-is-my-api-key-invalid for more information.'}
2025-05-17 14:23:52,072 - INFO - Balance sheet response for RELIANCE.NS: {'Error Message': 'Invalid API KEY. Feel free to create a Free API Key or visit https://site.financialmodelingprep.com/faqs?search=why-is-my-api-key-invalid for more information.'}
2025-05-17 14:23:52,072 - ERROR - Fundamental fetch failed for RELIANCE.NS: 0
2025-05-17 14:23:54,021 - INFO - Profile response for RELIANCE.NS: {'Error Message': 'Invalid API KEY. Feel free to create a Free API Key or visit https://site.financialmodelingprep.com/faqs?search=why-is-my-api-key-invalid for more information.'}
2025-05-17 14:23:55,940 - INFO - Income statement response for RELIANCE.NS: {'Error Message': 'Invalid API KEY. Feel free to create a Free API Key or visit https://site.financialmodelingprep.com/faqs?search=why-is-my-api-key-invalid for more information.'}
2025-05-17 14:27:31,350 - INFO - Profile response for SBIN.NS: {'Error Message': 'Invalid API KEY. Feel free to create a Free API Key or visit https://site.financialmodelingprep.com/faqs?search=why-is-my-api-key-invalid for more information.'}
2025-05-17 14:27:33,262 - INFO - Income statement response for SBIN.NS: {'Error Message': 'Invalid API KEY. Feel free to create a Free API Key or visit https://site.financialmodelingprep.com/faqs?search=why-is-my-api-key-invalid for more information.'}
2025-05-17 14:27:36,488 - INFO - Overview response for SBIN.NS: {}
2025-05-17 14:27:36,489 - ERROR - Fundamental fetch failed for SBIN.NS: No overview data for SBIN.NS: Unknown error
2025-05-17 14:27:36,785 - INFO - Overview response for RELIANCE.NS: {}
2025-05-17 14:27:36,786 - ERROR - Fundamental fetch failed for RELIANCE.NS: No overview data for RELIANCE.NS: Unknown error
2025-05-17 14:53:29,612 - INFO - Profile response for SBIN.NS: {'Error Message': 'Free plan is limited to US stocks only please visit our subscription page to upgrade your plan at https://site.financialmodelingprep.com/developer/docs/pricing'}
2025-05-17 14:53:31,720 - INFO - Income statement response for SBIN.NS: {'Error Message': 'Free plan is limited to US stocks only please visit our subscription page to upgrade your plan at https://site.financialmodelingprep.com/developer/docs/pricing'}
2025-05-17 14:53:33,940 - INFO - Balance sheet response for SBIN.NS: {'Error Message': 'Free plan is limited to US stocks only please visit our subscription page to upgrade your plan at https://site.financialmodelingprep.com/developer/docs/pricing'}
2025-05-17 14:53:33,941 - ERROR - Fundamental fetch failed for SBIN.NS: 0
2025-05-17 14:53:36,195 - INFO - Profile response for SBIN.NS: {'Error Message': 'Free plan is limited to US stocks only please visit our subscription page to upgrade your plan at https://site.financialmodelingprep.com/developer/docs/pricing'}
2025-05-17 14:55:03,928 - ERROR - Fundamental fetch failed for SBIN.NS: 'NoneType' object has no attribute 'find_next_sibling'
2025-05-17 14:55:05,127 - ERROR - Fundamental fetch failed for SBIN.NS: 'NoneType' object has no attribute 'find_next_sibling'
2025-05-17 14:55:07,316 - ERROR - Fundamental fetch failed for SBIN.NS: 'NoneType' object has no attribute 'find_next_sibling'
2025-05-17 14:55:11,540 - ERROR - Fundamental fetch failed for RELIANCE.NS: 'NoneType' object has no attribute 'find_next_sibling'
2025-05-17 14:55:12,687 - ERROR - Fundamental fetch failed for RELIANCE.NS: 'NoneType' object has no attribute 'find_next_sibling'
2025-05-17 14:55:14,902 - ERROR - Fundamental fetch failed for RELIANCE.NS: 'NoneType' object has no attribute 'find_next_sibling'
2025-05-17 15:06:11,327 - INFO - Fetching TCS from https://www.screener.in/company/TCS/, attempt 1/3
2025-05-17 15:06:11,458 - INFO - Successfully fetched data for TCS
2025-05-17 15:06:11,460 - INFO - Waiting 7.20 seconds before next request
2025-05-17 15:06:18,669 - INFO - Fetching RELIANCE from https://www.screener.in/company/RELIANCE/, attempt 1/3
2025-05-17 15:06:18,865 - INFO - Successfully fetched data for RELIANCE
2025-05-17 15:06:18,866 - INFO - Waiting 5.87 seconds before next request
2025-05-17 15:06:24,740 - INFO - Fetching INFY from https://www.screener.in/company/INFY/, attempt 1/3
2025-05-17 15:06:24,869 - INFO - Successfully fetched data for INFY
2025-05-17 15:06:24,870 - INFO - Waiting 7.34 seconds before next request
2025-05-17 15:06:32,220 - INFO - Fetching SBIN from https://www.screener.in/company/SBIN/, attempt 1/3
2025-05-17 15:06:32,355 - INFO - Successfully fetched data for SBIN
2025-05-17 15:06:32,356 - INFO - Waiting 7.29 seconds before next request
2025-05-17 15:06:39,646 - INFO - Fetching HDFCBANK from https://www.screener.in/company/HDFCBANK/, attempt 1/3
2025-05-17 15:06:39,817 - INFO - Successfully fetched data for HDFCBANK
2025-05-17 15:08:29,658 - INFO - Fetching TCS from https://www.screener.in/company/TCS/, attempt 1/3
2025-05-17 15:08:29,818 - INFO - Successfully fetched data for TCS with 2 metrics
2025-05-17 15:08:29,819 - INFO - Waiting 6.05 seconds before next request
2025-05-17 15:08:35,873 - INFO - Fetching RELIANCE from https://www.screener.in/company/RELIANCE/, attempt 1/3
2025-05-17 15:08:36,073 - INFO - Successfully fetched data for RELIANCE with 2 metrics
2025-05-17 15:08:36,074 - INFO - Waiting 6.16 seconds before next request
2025-05-17 15:08:42,240 - INFO - Fetching INFY from https://www.screener.in/company/INFY/, attempt 1/3
2025-05-17 15:08:42,368 - INFO - Successfully fetched data for INFY with 2 metrics
2025-05-17 15:08:42,369 - INFO - Waiting 6.96 seconds before next request
2025-05-17 15:08:49,330 - INFO - Fetching SBIN from https://www.screener.in/company/SBIN/, attempt 1/3
2025-05-17 15:08:49,508 - INFO - Successfully fetched data for SBIN with 2 metrics
2025-05-17 15:08:49,509 - INFO - Waiting 6.18 seconds before next request
2025-05-17 15:08:55,692 - INFO - Fetching HDFCBANK from https://www.screener.in/company/HDFCBANK/, attempt 1/3
2025-05-17 15:08:55,854 - INFO - Successfully fetched data for HDFCBANK with 2 metrics
2025-05-17 15:11:19,470 - INFO - Fetching TCS from https://www.screener.in/company/TCS/, attempt 1/3
2025-05-17 15:11:19,617 - INFO - Successfully fetched data for TCS with 2 metrics
2025-05-17 15:11:19,618 - INFO - Waiting 5.36 seconds before next request
2025-05-17 15:11:24,987 - INFO - Fetching RELIANCE from https://www.screener.in/company/RELIANCE/, attempt 1/3
2025-05-17 15:11:25,147 - INFO - Successfully fetched data for RELIANCE with 2 metrics
2025-05-17 15:11:25,148 - INFO - Waiting 6.98 seconds before next request
2025-05-17 15:11:32,138 - INFO - Fetching INFY from https://www.screener.in/company/INFY/, attempt 1/3
2025-05-17 15:11:32,323 - INFO - Successfully fetched data for INFY with 2 metrics
2025-05-17 15:11:32,323 - INFO - Waiting 5.32 seconds before next request
2025-05-17 15:11:37,641 - INFO - Fetching SBIN from https://www.screener.in/company/SBIN/, attempt 1/3
2025-05-17 15:11:37,845 - INFO - Successfully fetched data for SBIN with 2 metrics
2025-05-17 15:11:37,846 - INFO - Waiting 6.24 seconds before next request
2025-05-17 15:11:44,096 - INFO - Fetching HDFCBANK from https://www.screener.in/company/HDFCBANK/, attempt 1/3
2025-05-17 15:11:44,334 - INFO - Successfully fetched data for HDFCBANK with 2 metrics
