2025-05-17 00:02:11,524 - INFO - DuckDB table setup completed
2025-05-17 00:02:11,524 - ERROR - Main execution failed: [Errno 2] No such file or directory: '/Users/ranjanshahajishitole/Desktop/GIthub/Live-Quant-Server-Engine/Live-Data-Engine/logs_dir/fyersApi.log'
2025-05-17 00:02:25,585 - INFO - DuckDB table setup completed
2025-05-17 00:02:25,585 - ERROR - Main execution failed: [Errno 2] No such file or directory: '/Users/ranjanshahajishitole/Desktop/GIthub/Live-Quant-Server-Engine/Live-Data-Engine/logs_dir/fyersApi.log'
2025-05-17 00:03:04,538 - INFO - DuckDB table setup completed
2025-05-17 00:03:04,663 - INFO - API Response: Successfully fetched 375 candles for NSE:SBIN-EQ
2025-05-17 00:03:04,665 - INFO - Stored data in Redis for NSE:SBIN-EQ
2025-05-17 00:03:05,346 - INFO - Stored 375 records in DuckDB for NSE:SBIN-EQ
2025-05-17 00:03:05,347 - INFO - Logged to Redis: NSE:SBIN-EQ - SUCCESS
2025-05-17 00:05:31,746 - INFO - DuckDB table setup completed
2025-05-17 00:05:31,850 - INFO - API Response: Successfully fetched 375 candles for NSE:NIFTY25MAYFUT
2025-05-17 00:05:31,855 - INFO - Stored data in Redis for NSE:NIFTY25MAYFUT
2025-05-17 00:05:32,477 - INFO - Stored 375 records in DuckDB for NSE:NIFTY25MAYFUT
2025-05-17 00:05:32,478 - INFO - Logged to Redis: NSE:NIFTY25MAYFUT - SUCCESS
2025-05-17 00:08:11,484 - INFO - DuckDB table setup completed
2025-05-17 00:08:11,605 - INFO - API Response: Successfully fetched 375 candles for NSE:SBIN-EQ
2025-05-17 00:08:11,607 - INFO - Stored data in Redis for NSE:SBIN-EQ
2025-05-17 00:08:12,160 - INFO - Stored 375 records in DuckDB for NSE:SBIN-EQ
2025-05-17 00:08:12,160 - INFO - Logged to Redis: NSE:SBIN-EQ - SUCCESS
2025-05-17 00:08:12,255 - INFO - API Response: Successfully fetched 375 candles for NSE:RELIANCE-EQ
2025-05-17 00:08:12,256 - INFO - Stored data in Redis for NSE:RELIANCE-EQ
2025-05-17 00:08:12,358 - INFO - Stored 375 records in DuckDB for NSE:RELIANCE-EQ
2025-05-17 00:08:12,358 - INFO - Logged to Redis: NSE:RELIANCE-EQ - SUCCESS
2025-05-17 00:08:12,445 - INFO - API Response: Successfully fetched 375 candles for NSE:NIFTY25MAYFUT
2025-05-17 00:08:12,446 - INFO - Stored data in Redis for NSE:NIFTY25MAYFUT
2025-05-17 00:08:12,536 - INFO - Stored 375 records in DuckDB for NSE:NIFTY25MAYFUT
2025-05-17 00:08:12,537 - INFO - Logged to Redis: NSE:NIFTY25MAYFUT - SUCCESS
2025-05-17 00:10:46,216 - INFO - DuckDB table setup completed
2025-05-17 00:10:46,331 - INFO - API Response: Successfully fetched 375 candles for NSE:SBIN-EQ
2025-05-17 00:10:46,334 - INFO - Stored data in Redis for NSE:SBIN-EQ
2025-05-17 00:10:46,909 - INFO - Stored 375 records in DuckDB for NSE:SBIN-EQ
2025-05-17 00:10:46,909 - INFO - Logged to Redis: NSE:SBIN-EQ - SUCCESS
2025-05-17 00:10:47,010 - INFO - API Response: Successfully fetched 375 candles for NSE:RELIANCE-EQ
2025-05-17 00:10:47,011 - INFO - Stored data in Redis for NSE:RELIANCE-EQ
2025-05-17 00:10:47,113 - INFO - Stored 375 records in DuckDB for NSE:RELIANCE-EQ
2025-05-17 00:10:47,114 - INFO - Logged to Redis: NSE:RELIANCE-EQ - SUCCESS
2025-05-17 00:10:47,205 - INFO - API Response: Successfully fetched 375 candles for NSE:NIFTY25MAYFUT
2025-05-17 00:10:47,206 - INFO - Stored data in Redis for NSE:NIFTY25MAYFUT
2025-05-17 00:10:47,317 - INFO - Stored 375 records in DuckDB for NSE:NIFTY25MAYFUT
2025-05-17 00:10:47,318 - INFO - Logged to Redis: NSE:NIFTY25MAYFUT - SUCCESS
2025-05-17 00:10:58,848 - INFO - DuckDB table setup completed
2025-05-17 00:10:58,949 - INFO - API Response: Successfully fetched 375 candles for NSE:SBIN-EQ
2025-05-17 00:10:58,951 - INFO - Stored data in Redis for NSE:SBIN-EQ
2025-05-17 00:10:59,324 - INFO - Stored 375 records in DuckDB for NSE:SBIN-EQ
2025-05-17 00:10:59,325 - INFO - Logged to Redis: NSE:SBIN-EQ - SUCCESS
2025-05-17 00:10:59,433 - INFO - API Response: Successfully fetched 375 candles for NSE:RELIANCE-EQ
2025-05-17 00:10:59,434 - INFO - Stored data in Redis for NSE:RELIANCE-EQ
2025-05-17 00:10:59,531 - INFO - Stored 375 records in DuckDB for NSE:RELIANCE-EQ
2025-05-17 00:10:59,531 - INFO - Logged to Redis: NSE:RELIANCE-EQ - SUCCESS
2025-05-17 00:10:59,618 - INFO - API Response: Successfully fetched 375 candles for NSE:NIFTY25MAYFUT
2025-05-17 00:10:59,618 - INFO - Stored data in Redis for NSE:NIFTY25MAYFUT
2025-05-17 00:10:59,710 - INFO - Stored 375 records in DuckDB for NSE:NIFTY25MAYFUT
2025-05-17 00:10:59,710 - INFO - Logged to Redis: NSE:NIFTY25MAYFUT - SUCCESS
2025-05-17 00:12:02,022 - INFO - DuckDB table setup completed
2025-05-17 00:12:02,149 - INFO - API Response: Successfully fetched 375 candles for NSE:SBIN-EQ
2025-05-17 00:12:02,151 - INFO - Stored data in Redis for NSE:SBIN-EQ
2025-05-17 00:12:02,945 - INFO - Stored 375 records in DuckDB for NSE:SBIN-EQ
2025-05-17 00:12:02,945 - INFO - Logged to Redis: NSE:SBIN-EQ - SUCCESS
2025-05-17 00:12:03,039 - INFO - API Response: Successfully fetched 375 candles for NSE:RELIANCE-EQ
2025-05-17 00:12:03,040 - INFO - Stored data in Redis for NSE:RELIANCE-EQ
2025-05-17 00:12:03,136 - INFO - Stored 375 records in DuckDB for NSE:RELIANCE-EQ
2025-05-17 00:12:03,136 - INFO - Logged to Redis: NSE:RELIANCE-EQ - SUCCESS
2025-05-17 00:12:03,224 - INFO - API Response: Successfully fetched 375 candles for NSE:NIFTY25MAYFUT
2025-05-17 00:12:03,225 - INFO - Stored data in Redis for NSE:NIFTY25MAYFUT
2025-05-17 00:12:03,326 - INFO - Stored 375 records in DuckDB for NSE:NIFTY25MAYFUT
2025-05-17 00:12:03,326 - INFO - Logged to Redis: NSE:NIFTY25MAYFUT - SUCCESS
2025-05-17 00:12:30,149 - INFO - DuckDB table setup completed
2025-05-17 00:12:30,253 - INFO - API Response: Successfully fetched 375 candles for NSE:NIFTY25MAYFUT
2025-05-17 00:12:30,256 - INFO - Stored data in Redis for NSE:NIFTY25MAYFUT
2025-05-17 00:12:30,801 - INFO - Stored 375 records in DuckDB for NSE:NIFTY25MAYFUT
2025-05-17 00:12:30,802 - INFO - Logged to Redis: NSE:NIFTY25MAYFUT - SUCCESS
2025-05-17 00:12:45,845 - INFO - DuckDB table setup completed
2025-05-17 00:12:45,960 - INFO - API Response: Successfully fetched 375 candles for NSE:NIFTY25MAYFUT
2025-05-17 00:12:45,962 - INFO - Stored data in Redis for NSE:NIFTY25MAYFUT
2025-05-17 00:12:46,522 - INFO - Stored 375 records in DuckDB for NSE:NIFTY25MAYFUT
2025-05-17 00:12:46,522 - INFO - Logged to Redis: NSE:NIFTY25MAYFUT - SUCCESS
2025-05-17 00:13:14,197 - INFO - DuckDB table setup completed
2025-05-17 00:13:14,317 - INFO - API Response: Successfully fetched 375 candles for NSE:SBIN-EQ
2025-05-17 00:13:14,319 - INFO - Stored data in Redis for NSE:SBIN-EQ
2025-05-17 00:13:14,862 - INFO - Stored 375 records in DuckDB for NSE:SBIN-EQ
2025-05-17 00:13:14,862 - INFO - Logged to Redis: NSE:SBIN-EQ - SUCCESS
2025-05-17 00:13:14,949 - INFO - API Response: Successfully fetched 375 candles for NSE:RELIANCE-EQ
2025-05-17 00:13:14,950 - INFO - Stored data in Redis for NSE:RELIANCE-EQ
2025-05-17 00:13:15,045 - INFO - Stored 375 records in DuckDB for NSE:RELIANCE-EQ
2025-05-17 00:13:15,045 - INFO - Logged to Redis: NSE:RELIANCE-EQ - SUCCESS
2025-05-17 00:15:43,333 - INFO - DuckDB table setup completed
2025-05-17 00:15:43,449 - INFO - API Response: Successfully fetched 375 candles for NSE:SBIN-EQ
2025-05-17 00:15:43,450 - INFO - Stored data in Redis for NSE:SBIN-EQ
2025-05-17 00:15:44,230 - INFO - Stored 375 records in DuckDB for NSE:SBIN-EQ
2025-05-17 00:15:44,230 - INFO - Logged to Redis: NSE:SBIN-EQ - SUCCESS
2025-05-17 00:15:44,338 - INFO - API Response: Successfully fetched 375 candles for NSE:RELIANCE-EQ
2025-05-17 00:15:44,339 - INFO - Stored data in Redis for NSE:RELIANCE-EQ
2025-05-17 00:15:44,456 - INFO - Stored 375 records in DuckDB for NSE:RELIANCE-EQ
2025-05-17 00:15:44,457 - INFO - Logged to Redis: NSE:RELIANCE-EQ - SUCCESS
2025-05-17 00:17:47,425 - INFO - DuckDB table setup completed
2025-05-17 00:17:47,529 - INFO - API Response: Successfully fetched 375 candles for NSE:SBIN-EQ
2025-05-17 00:17:47,532 - INFO - Stored data in Redis for NSE:SBIN-EQ
2025-05-17 00:17:48,183 - INFO - Stored 375 records in DuckDB for NSE:SBIN-EQ
2025-05-17 00:17:48,184 - INFO - Logged to Redis: NSE:SBIN-EQ - SUCCESS
2025-05-17 00:17:48,278 - INFO - API Response: Successfully fetched 375 candles for NSE:RELIANCE-EQ
2025-05-17 00:17:48,279 - INFO - Stored data in Redis for NSE:RELIANCE-EQ
2025-05-17 00:17:48,371 - INFO - Stored 375 records in DuckDB for NSE:RELIANCE-EQ
2025-05-17 00:17:48,372 - INFO - Logged to Redis: NSE:RELIANCE-EQ - SUCCESS
